timestamp: 2016-06-02T09:32:28.672000
CREATE TABLE auth_user(
    id INTEGER PRIMARY KEY AUTOINCREMENT,
    first_name CHAR(128),
    last_name CHAR(128),
    email CHAR(512),
    password CHAR(512),
    registration_key CHAR(512),
    reset_password_key CHAR(512),
    registration_id CHAR(512)
);
success!
timestamp: 2016-06-02T09:32:28.832000
CREATE TABLE auth_group(
    id INTEGER PRIMARY KEY AUTOINCREMENT,
    role CHAR(512),
    description TEXT
);
success!
timestamp: 2016-06-02T09:32:28.955000
CREATE TABLE auth_membership(
    id INTEGER PRIMARY KEY AUTOINCREMENT,
    user_id INTEGER REFERENCES auth_user (id) ON DELETE CASCADE  ,
    group_id INTEGER REFERENCES auth_group (id) ON DELETE CASCADE  
);
success!
timestamp: 2016-06-02T09:32:29.343000
CREATE TABLE auth_permission(
    id INTEGER PRIMARY KEY AUTOINCREMENT,
    group_id INTEGER REFERENCES auth_group (id) ON DELETE CASCADE  ,
    name CHAR(512),
    table_name CHAR(512),
    record_id INTEGER
);
success!
timestamp: 2016-06-02T09:32:29.484000
CREATE TABLE auth_event(
    id INTEGER PRIMARY KEY AUTOINCREMENT,
    time_stamp TIMESTAMP,
    client_ip CHAR(512),
    user_id INTEGER REFERENCES auth_user (id) ON DELETE CASCADE  ,
    origin CHAR(512),
    description TEXT
);
success!
timestamp: 2016-06-02T09:32:29.612000
CREATE TABLE auth_cas(
    id INTEGER PRIMARY KEY AUTOINCREMENT,
    user_id INTEGER REFERENCES auth_user (id) ON DELETE CASCADE  ,
    created_on TIMESTAMP,
    service CHAR(512),
    ticket CHAR(512),
    renew CHAR(1)
);
success!
timestamp: 2016-06-02T10:02:09.855000
CREATE TABLE place(
    id INTEGER PRIMARY KEY AUTOINCREMENT,
    name TEXT,
    descr TEXT,
    lat TEXT,
    lng TEXT
);
success!
success!
success!
success!
success!
success!
success!
success!
success!
success!
success!
success!
success!
success!
success!
success!
success!
success!
success!
timestamp: 2016-06-07T19:54:18.166000
CREATE TABLE path(
    id INTEGER PRIMARY KEY AUTOINCREMENT,
    lat TEXT,
    lng TEXT
);
success!
success!
success!
timestamp: 2016-06-08T09:41:19.695000
CREATE TABLE museos(
    id INTEGER PRIMARY KEY AUTOINCREMENT,
    name TEXT,
    descr TEXT,
    lat DOUBLE,
    lng DOUBLE
);
success!
timestamp: 2016-06-08T09:41:19.847000
CREATE TABLE iglesias(
    id INTEGER PRIMARY KEY AUTOINCREMENT,
    name TEXT,
    descr TEXT,
    lat DOUBLE,
    lng DOUBLE
);
success!
timestamp: 2016-06-08T09:41:19.984000
CREATE TABLE otros(
    id INTEGER PRIMARY KEY AUTOINCREMENT,
    name TEXT,
    descr TEXT,
    lat DOUBLE,
    lng DOUBLE
);
success!
timestamp: 2016-06-08T09:44:33.220000
CREATE TABLE esculturas(
    id INTEGER PRIMARY KEY AUTOINCREMENT,
    name TEXT,
    descr TEXT,
    lat DOUBLE,
    lng DOUBLE
);
success!
timestamp: 2016-06-08T10:08:09.055000
ALTER TABLE path ADD direccion TEXT;
success!
timestamp: 2016-06-08T10:28:31.747000
CREATE TABLE sendero(
    id INTEGER PRIMARY KEY AUTOINCREMENT,
    direccion TEXT,
    lat DOUBLE,
    lng DOUBLE
);
success!
timestamp: 2016-06-08T10:45:32.620000
CREATE TABLE recorrido(
    id INTEGER PRIMARY KEY AUTOINCREMENT,
    direccion TEXT,
    lat DOUBLE,
    lng DOUBLE,
    leee DOUBLE
);
success!
success!
success!
success!
success!
success!
success!
success!
success!
success!
success!
success!
success!
success!
success!
success!
success!
success!
success!
success!
success!
success!
success!
success!
success!
success!
success!
success!
success!
success!
success!
success!
success!
success!
success!
success!
success!
success!
success!
success!
success!
success!
success!
success!
success!
success!
success!
success!
success!
success!
success!
success!
success!
success!
success!
success!
success!
success!
success!
success!
success!
success!
success!
success!
success!
success!
success!
success!
success!
success!
success!
success!
success!
success!
success!
success!
success!
success!
success!
success!
success!
success!
success!
success!
success!
success!
success!
timestamp: 2016-06-08T11:09:18.272000
CREATE TABLE senderoEs(
    id INTEGER PRIMARY KEY AUTOINCREMENT,
    direccion TEXT,
    lat DOUBLE,
    lng DOUBLE
);
success!
timestamp: 2016-06-08T11:17:04.664000
CREATE TABLE camino(
    id INTEGER PRIMARY KEY AUTOINCREMENT,
    direccion TEXT,
    lat DOUBLE,
    lng DOUBLE
);
success!
timestamp: 2016-06-13T12:01:40.123000
ALTER TABLE camino ADD file CHAR(512);
success!
